<?xml version="1.0" encoding="UTF-8"?>
<!-- Generated by org.testng.reporters.JUnitXMLReporter -->
<testsuite ignored="0" hostname="DESKTOP-E2JOFU2" failures="1" tests="3" name="Test" time="90.6" errors="0" timestamp="2024-10-29T23:57:06 IST">
  <testcase classname="CrmUsingCongfAnnotation.CreateOrg" name="CreateOrgWithPhnNo" time="17.18"/>
  <testcase classname="CrmUsingCongfAnnotation.CreateOrg" name="CreateOrgWithindname" time="18.096"/>
  <testcase classname="CrmUsingCongfAnnotation.CreateOrg" name="createorgwithnameTest" time="15.366">
    <failure type="java.lang.AssertionError" message="expected [true] but found [false]">
      <![CDATA[java.lang.AssertionError: expected [true] but found [false]
at CrmUsingCongfAnnotation.CreateOrg.createorgwithnameTest(CreateOrg.java:35)
at java.base/java.util.ArrayList.forEach(ArrayList.java:1511)
... Removed 31 stack frames]]>
    </failure>
  </testcase> <!-- createorgwithnameTest -->
</testsuite> <!-- Test -->
