<?xml version="1.0" encoding="UTF-8"?>
<!-- Generated by org.testng.reporters.JUnitXMLReporter -->
<testsuite ignored="2" hostname="DESKTOP-E2JOFU2" failures="0" tests="1" name="Default test" time="33.736" errors="0" timestamp="2024-10-28T18:02:15 IST">
  <testcase classname="CrmUsingCongfAnnotation.CreateOrg" name="createorgwithnameTest" time="15.787"/>
  <testcase classname="CrmUsingCongfAnnotation.CreateOrg" name="CreateOrgWithPhnNo" time="0.0">
    <ignored/>
  </testcase> <!-- CreateOrgWithPhnNo -->
  <testcase classname="CrmUsingCongfAnnotation.CreateOrg" name="CreateOrgWithindname" time="0.0">
    <ignored/>
  </testcase> <!-- CreateOrgWithindname -->
</testsuite> <!-- Default test -->
