<?xml version="1.0" encoding="UTF-8"?>
<testng-results ignored="0" total="3" passed="2" failed="1" skipped="0">
  <reporter-output>
  </reporter-output>
  <suite started-at="2024-10-29T23:55:35 IST" name="Suite" finished-at="2024-10-29T23:57:06 IST" duration-ms="90600">
    <groups>
      <group name="regessionTest">
        <method signature="CreateOrg.CreateOrgWithPhnNo()[pri:0, instance:CrmUsingCongfAnnotation.CreateOrg@28dcca0c]" name="CreateOrgWithPhnNo" class="CrmUsingCongfAnnotation.CreateOrg"/>
        <method signature="CreateOrg.CreateOrgWithindname()[pri:0, instance:CrmUsingCongfAnnotation.CreateOrg@28dcca0c]" name="CreateOrgWithindname" class="CrmUsingCongfAnnotation.CreateOrg"/>
      </group> <!-- regessionTest -->
      <group name="smokeTest">
        <method signature="CreateOrg.createorgwithnameTest()[pri:0, instance:CrmUsingCongfAnnotation.CreateOrg@28dcca0c]" name="createorgwithnameTest" class="CrmUsingCongfAnnotation.CreateOrg"/>
      </group> <!-- smokeTest -->
    </groups>
    <test started-at="2024-10-29T23:55:35 IST" name="Test" finished-at="2024-10-29T23:57:06 IST" duration-ms="90600">
      <class name="CrmUsingCongfAnnotation.CreateOrg">
        <test-method is-config="true" signature="configBS()[pri:0, instance:CrmUsingCongfAnnotation.CreateOrg@28dcca0c]" started-at="2024-10-29T23:55:34 IST" name="configBS" finished-at="2024-10-29T23:55:35 IST" duration-ms="1016" status="PASS">
          <reporter-output>
          </reporter-output>
        </test-method> <!-- configBS -->
        <test-method is-config="true" signature="configBC()[pri:0, instance:CrmUsingCongfAnnotation.CreateOrg@28dcca0c]" started-at="2024-10-29T23:55:35 IST" name="configBC" finished-at="2024-10-29T23:55:41 IST" duration-ms="5381" status="PASS">
          <reporter-output>
          </reporter-output>
        </test-method> <!-- configBC -->
        <test-method is-config="true" signature="configBM()[pri:0, instance:CrmUsingCongfAnnotation.CreateOrg@28dcca0c]" started-at="2024-10-29T23:55:41 IST" name="configBM" finished-at="2024-10-29T23:55:46 IST" duration-ms="4925" status="PASS">
          <reporter-output>
          </reporter-output>
        </test-method> <!-- configBM -->
        <test-method signature="CreateOrgWithPhnNo()[pri:0, instance:CrmUsingCongfAnnotation.CreateOrg@28dcca0c]" started-at="2024-10-29T23:55:46 IST" name="CreateOrgWithPhnNo" finished-at="2024-10-29T23:56:03 IST" duration-ms="17180" status="PASS">
          <reporter-output>
          </reporter-output>
        </test-method> <!-- CreateOrgWithPhnNo -->
        <test-method is-config="true" signature="configAM()[pri:0, instance:CrmUsingCongfAnnotation.CreateOrg@28dcca0c]" started-at="2024-10-29T23:56:03 IST" name="configAM" finished-at="2024-10-29T23:56:10 IST" duration-ms="6939" status="PASS">
          <reporter-output>
          </reporter-output>
        </test-method> <!-- configAM -->
        <test-method is-config="true" signature="configBM()[pri:0, instance:CrmUsingCongfAnnotation.CreateOrg@28dcca0c]" started-at="2024-10-29T23:56:10 IST" name="configBM" finished-at="2024-10-29T23:56:15 IST" duration-ms="5397" status="PASS">
          <reporter-output>
          </reporter-output>
        </test-method> <!-- configBM -->
        <test-method signature="CreateOrgWithindname()[pri:0, instance:CrmUsingCongfAnnotation.CreateOrg@28dcca0c]" started-at="2024-10-29T23:56:15 IST" name="CreateOrgWithindname" finished-at="2024-10-29T23:56:33 IST" duration-ms="18096" status="PASS">
          <reporter-output>
          </reporter-output>
        </test-method> <!-- CreateOrgWithindname -->
        <test-method is-config="true" signature="configAM()[pri:0, instance:CrmUsingCongfAnnotation.CreateOrg@28dcca0c]" started-at="2024-10-29T23:56:33 IST" name="configAM" finished-at="2024-10-29T23:56:40 IST" duration-ms="6175" status="PASS">
          <reporter-output>
          </reporter-output>
        </test-method> <!-- configAM -->
        <test-method is-config="true" signature="configBM()[pri:0, instance:CrmUsingCongfAnnotation.CreateOrg@28dcca0c]" started-at="2024-10-29T23:56:40 IST" name="configBM" finished-at="2024-10-29T23:56:44 IST" duration-ms="4032" status="PASS">
          <reporter-output>
          </reporter-output>
        </test-method> <!-- configBM -->
        <test-method signature="createorgwithnameTest()[pri:0, instance:CrmUsingCongfAnnotation.CreateOrg@28dcca0c]" started-at="2024-10-29T23:56:44 IST" name="createorgwithnameTest" finished-at="2024-10-29T23:56:59 IST" duration-ms="15366" status="FAIL">
          <exception class="java.lang.AssertionError">
            <message>
              <![CDATA[expected [true] but found [false]]]>
            </message>
            <full-stacktrace>
              <![CDATA[java.lang.AssertionError: expected [true] but found [false]
at org.testng.Assert.fail(Assert.java:111)
at org.testng.Assert.failNotEquals(Assert.java:1578)
at org.testng.Assert.assertTrue(Assert.java:57)
at org.testng.Assert.assertTrue(Assert.java:67)
at CrmUsingCongfAnnotation.CreateOrg.createorgwithnameTest(CreateOrg.java:35)
at java.base/jdk.internal.reflect.NativeMethodAccessorImpl.invoke0(Native Method)
at java.base/jdk.internal.reflect.NativeMethodAccessorImpl.invoke(NativeMethodAccessorImpl.java:77)
at java.base/jdk.internal.reflect.DelegatingMethodAccessorImpl.invoke(DelegatingMethodAccessorImpl.java:43)
at java.base/java.lang.reflect.Method.invoke(Method.java:568)
at org.testng.internal.invokers.MethodInvocationHelper.invokeMethod(MethodInvocationHelper.java:139)
at org.testng.internal.invokers.TestInvoker.invokeMethod(TestInvoker.java:664)
at org.testng.internal.invokers.TestInvoker.invokeTestMethod(TestInvoker.java:227)
at org.testng.internal.invokers.MethodRunner.runInSequence(MethodRunner.java:50)
at org.testng.internal.invokers.TestInvoker$MethodInvocationAgent.invoke(TestInvoker.java:957)
at org.testng.internal.invokers.TestInvoker.invokeTestMethods(TestInvoker.java:200)
at org.testng.internal.invokers.TestMethodWorker.invokeTestMethods(TestMethodWorker.java:148)
at org.testng.internal.invokers.TestMethodWorker.run(TestMethodWorker.java:128)
at java.base/java.util.ArrayList.forEach(ArrayList.java:1511)
at org.testng.TestRunner.privateRun(TestRunner.java:848)
at org.testng.TestRunner.run(TestRunner.java:621)
at org.testng.SuiteRunner.runTest(SuiteRunner.java:443)
at org.testng.SuiteRunner.runSequentially(SuiteRunner.java:437)
at org.testng.SuiteRunner.privateRun(SuiteRunner.java:397)
at org.testng.SuiteRunner.run(SuiteRunner.java:336)
at org.testng.SuiteRunnerWorker.runSuite(SuiteRunnerWorker.java:52)
at org.testng.SuiteRunnerWorker.run(SuiteRunnerWorker.java:95)
at org.testng.TestNG.runSuitesSequentially(TestNG.java:1280)
at org.testng.TestNG.runSuitesLocally(TestNG.java:1200)
at org.testng.TestNG.runSuites(TestNG.java:1114)
at org.testng.TestNG.run(TestNG.java:1082)
at org.testng.remote.AbstractRemoteTestNG.run(AbstractRemoteTestNG.java:115)
at org.testng.remote.RemoteTestNG.initAndRun(RemoteTestNG.java:251)
at org.testng.remote.RemoteTestNG.main(RemoteTestNG.java:77)
]]>
            </full-stacktrace>
          </exception> <!-- java.lang.AssertionError -->
          <reporter-output>
          </reporter-output>
        </test-method> <!-- createorgwithnameTest -->
        <test-method is-config="true" signature="configAM()[pri:0, instance:CrmUsingCongfAnnotation.CreateOrg@28dcca0c]" started-at="2024-10-29T23:56:59 IST" name="configAM" finished-at="2024-10-29T23:57:05 IST" duration-ms="6291" status="PASS">
          <reporter-output>
          </reporter-output>
        </test-method> <!-- configAM -->
        <test-method is-config="true" signature="configAC()[pri:0, instance:CrmUsingCongfAnnotation.CreateOrg@28dcca0c]" started-at="2024-10-29T23:57:05 IST" name="configAC" finished-at="2024-10-29T23:57:06 IST" duration-ms="541" status="PASS">
          <reporter-output>
          </reporter-output>
        </test-method> <!-- configAC -->
        <test-method is-config="true" signature="configAS()[pri:0, instance:CrmUsingCongfAnnotation.CreateOrg@28dcca0c]" started-at="2024-10-29T23:57:07 IST" name="configAS" finished-at="2024-10-29T23:57:07 IST" duration-ms="1" status="PASS">
          <reporter-output>
          </reporter-output>
        </test-method> <!-- configAS -->
      </class> <!-- CrmUsingCongfAnnotation.CreateOrg -->
    </test> <!-- Test -->
  </suite> <!-- Suite -->
</testng-results>
